C51 COMPILER V9.54   DELAY                                                                 12/14/2024 15:07:55 PAGE 1   


C51 COMPILER V9.54, COMPILATION OF MODULE DELAY
OBJECT MODULE PLACED IN Delay.OBJ
COMPILER INVOKED BY: D:\keil\C51\BIN\C51.EXE Delay.c OPTIMIZE(8,SPEED) BROWSE INCDIR(.\SRC) DEBUG OBJECTEXTEND

line level    source

   1          #include <intrins.h>
   2          
   3          
   4          void Delay1500ms(void)  //@12.000MHz
   5          {
   6   1              unsigned char data i, j, k;
   7   1      
   8   1              _nop_();
   9   1              i = 12;
  10   1              j = 103;
  11   1              k = 57;
  12   1              do
  13   1              {
  14   2                      do
  15   2                      {
  16   3                              while (--k);
  17   3                      } while (--j);
  18   2              } while (--i);
  19   1      }
  20          
  21          
  22          void Delay200ms(void)   //@12.000MHz
  23          {
  24   1              unsigned char data i, j, k;
  25   1      
  26   1              _nop_();
  27   1              i = 2;
  28   1              j = 134;
  29   1              k = 20;
  30   1              do
  31   1              {
  32   2                      do
  33   2                      {
  34   3                              while (--k);
  35   3                      } while (--j);
  36   2              } while (--i);
  37   1      }
  38          


MODULE INFORMATION:   STATIC OVERLAYABLE
   CODE SIZE        =     28    ----
   CONSTANT SIZE    =   ----    ----
   XDATA SIZE       =   ----    ----
   PDATA SIZE       =   ----    ----
   DATA SIZE        =   ----    ----
   IDATA SIZE       =   ----    ----
   BIT SIZE         =   ----    ----
END OF MODULE INFORMATION.


C51 COMPILATION COMPLETE.  0 WARNING(S),  0 ERROR(S)
